<?xml version="1.0" encoding="UTF-8"?>
<testsuite xmlns:xsi="http://www.w3.org/2001/XMLSchema-instance" xsi:noNamespaceSchemaLocation="https://maven.apache.org/surefire/maven-surefire-plugin/xsd/surefire-test-report.xsd" version="3.0.2" name="com.financial.system.FinancialSystemApplicationTests" time="17.437" tests="1" errors="0" skipped="0" failures="0">
  <properties>
[...]
</properties>
  <testcase name="contextLoads" classname="com.financial.system.FinancialSystemApplicationTests" time="0.35">
    <system-out><![CDATA[18:20:06.605 [main] INFO org.springframework.test.context.support.AnnotationConfigContextLoaderUtils -- Could not detect default configuration classes for test class [com.financial.system.FinancialSystemApplicationTests]: FinancialSystemApplicationTests does not declare any static, non-private, non-final, nested classes annotated with @Configuration.
18:20:06.725 [main] INFO org.springframework.boot.test.context.SpringBootTestContextBootstrapper -- Found @SpringBootConfiguration com.financial.system.FinancialSystemApplication for test class com.financial.system.FinancialSystemApplicationTests

  .   ____          _            __ _ _
 /\\ / ___'_ __ _ _(_)_ __  __ _ \ \ \ \
( ( )\___ | '_ | '_| | '_ \/ _` | \ \ \ \
 \\/  ___)| |_)| | | | | || (_| |  ) ) ) )
  '  |____| .__|_| |_|_| |_\__, | / / / /
 =========|_|==============|___/=/_/_/_/

 :: Spring Boot ::                (v3.4.3)

2025-04-13T18:20:07.156-06:00  INFO 12528 --- [financial_system] [           main] c.f.s.FinancialSystemApplicationTests    : Starting FinancialSystemApplicationTests using Java 23.0.1 with PID 12528 (started by Carlos in C:\PROYECTO\pruebaT\BACKEND)
2025-04-13T18:20:07.157-06:00  INFO 12528 --- [financial_system] [           main] c.f.s.FinancialSystemApplicationTests    : No active profile set, falling back to 1 default profile: "default"
2025-04-13T18:20:07.239-06:00  INFO 12528 --- [financial_system] [           main] o.s.c.i.support.PropertySourceProcessor  : Properties location [classpath:.env] not resolvable: class path resource [.env] cannot be opened because it does not exist
2025-04-13T18:20:07.932-06:00  INFO 12528 --- [financial_system] [           main] .s.d.r.c.RepositoryConfigurationDelegate : Bootstrapping Spring Data JPA repositories in DEFAULT mode.
2025-04-13T18:20:08.155-06:00  INFO 12528 --- [financial_system] [           main] .s.d.r.c.RepositoryConfigurationDelegate : Finished Spring Data repository scanning in 216 ms. Found 22 JPA repository interfaces.
2025-04-13T18:20:08.829-06:00 DEBUG 12528 --- [financial_system] [           main] o.f.c.i.s.classpath.ClassPathScanner     : Scanning for classpath resources at 'classpath:db/callback' ...
2025-04-13T18:20:08.830-06:00 DEBUG 12528 --- [financial_system] [           main] o.f.c.i.s.classpath.ClassPathScanner     : Determining location urls for classpath:db/callback using ClassLoader jdk.internal.loader.ClassLoaders$AppClassLoader@70dea4e ...
2025-04-13T18:20:08.830-06:00 DEBUG 12528 --- [financial_system] [           main] o.f.c.i.s.classpath.ClassPathScanner     : Unable to resolve location classpath:db/callback.
2025-04-13T18:20:08.830-06:00 DEBUG 12528 --- [financial_system] [           main] o.f.c.i.s.classpath.ClassPathScanner     : Scanning for classpath resources at 'classpath:db/migrations' ...
2025-04-13T18:20:08.830-06:00 DEBUG 12528 --- [financial_system] [           main] o.f.c.i.s.classpath.ClassPathScanner     : Determining location urls for classpath:db/migrations using ClassLoader jdk.internal.loader.ClassLoaders$AppClassLoader@70dea4e ...
2025-04-13T18:20:08.830-06:00 DEBUG 12528 --- [financial_system] [           main] o.f.c.i.s.classpath.ClassPathScanner     : Scanning URL: file:/C:/PROYECTO/pruebaT/BACKEND/target/classes/db/migrations
2025-04-13T18:20:08.831-06:00 DEBUG 12528 --- [financial_system] [           main] i.s.c.FileSystemClassPathLocationScanner : Scanning starting at classpath root in filesystem: C:\PROYECTO\pruebaT\BACKEND\target\classes\
2025-04-13T18:20:08.831-06:00 DEBUG 12528 --- [financial_system] [           main] i.s.c.FileSystemClassPathLocationScanner : Scanning for resources in path: C:\PROYECTO\pruebaT\BACKEND\target\classes\db\migrations (db/migrations)
2025-04-13T18:20:08.834-06:00 DEBUG 12528 --- [financial_system] [           main] o.f.c.i.s.classpath.ClassPathScanner     : Found resource: db/migrations/V10__gender.sql
2025-04-13T18:20:08.834-06:00 DEBUG 12528 --- [financial_system] [           main] o.f.c.i.s.classpath.ClassPathScanner     : Found resource: db/migrations/V11__occupation.sql
2025-04-13T18:20:08.834-06:00 DEBUG 12528 --- [financial_system] [           main] o.f.c.i.s.classpath.ClassPathScanner     : Found resource: db/migrations/V12__PersonaFisicaExrtanjera.sql
2025-04-13T18:20:08.835-06:00 DEBUG 12528 --- [financial_system] [           main] o.f.c.i.s.classpath.ClassPathScanner     : Found resource: db/migrations/V13__PersonaFisicaMex.sql
2025-04-13T18:20:08.835-06:00 DEBUG 12528 --- [financial_system] [           main] o.f.c.i.s.classpath.ClassPathScanner     : Found resource: db/migrations/V14__configuration.sql
2025-04-13T18:20:08.835-06:00 DEBUG 12528 --- [financial_system] [           main] o.f.c.i.s.classpath.ClassPathScanner     : Found resource: db/migrations/V15__sepomex.sql
2025-04-13T18:20:08.835-06:00 DEBUG 12528 --- [financial_system] [           main] o.f.c.i.s.classpath.ClassPathScanner     : Found resource: db/migrations/V16__countries.sql
2025-04-13T18:20:08.835-06:00 DEBUG 12528 --- [financial_system] [           main] o.f.c.i.s.classpath.ClassPathScanner     : Found resource: db/migrations/V17__banks.sql
2025-04-13T18:20:08.835-06:00 DEBUG 12528 --- [financial_system] [           main] o.f.c.i.s.classpath.ClassPathScanner     : Found resource: db/migrations/V18__product_types.sql
2025-04-13T18:20:08.835-06:00 DEBUG 12528 --- [financial_system] [           main] o.f.c.i.s.classpath.ClassPathScanner     : Found resource: db/migrations/V19__regimen.sql
2025-04-13T18:20:08.835-06:00 DEBUG 12528 --- [financial_system] [           main] o.f.c.i.s.classpath.ClassPathScanner     : Found resource: db/migrations/V1__first_detinition.sql
2025-04-13T18:20:08.835-06:00 DEBUG 12528 --- [financial_system] [           main] o.f.c.i.s.classpath.ClassPathScanner     : Found resource: db/migrations/V20__client_validations.sql
2025-04-13T18:20:08.835-06:00 DEBUG 12528 --- [financial_system] [           main] o.f.c.i.s.classpath.ClassPathScanner     : Found resource: db/migrations/V21__add_validations.sql
2025-04-13T18:20:08.836-06:00 DEBUG 12528 --- [financial_system] [           main] o.f.c.i.s.classpath.ClassPathScanner     : Found resource: db/migrations/V22__add_ocr_field.sql
2025-04-13T18:20:08.836-06:00 DEBUG 12528 --- [financial_system] [           main] o.f.c.i.s.classpath.ClassPathScanner     : Found resource: db/migrations/V23__change_type_field_validations.sql
2025-04-13T18:20:08.836-06:00 DEBUG 12528 --- [financial_system] [           main] o.f.c.i.s.classpath.ClassPathScanner     : Found resource: db/migrations/V24__jsonb_to_text_ocr.sql
2025-04-13T18:20:08.836-06:00 DEBUG 12528 --- [financial_system] [           main] o.f.c.i.s.classpath.ClassPathScanner     : Found resource: db/migrations/V2__rename_fields.sql
2025-04-13T18:20:08.836-06:00 DEBUG 12528 --- [financial_system] [           main] o.f.c.i.s.classpath.ClassPathScanner     : Found resource: db/migrations/V3__PF_PM_entities_and_daos.sql
2025-04-13T18:20:08.836-06:00 DEBUG 12528 --- [financial_system] [           main] o.f.c.i.s.classpath.ClassPathScanner     : Found resource: db/migrations/V4__new_fields_on_client.sql
2025-04-13T18:20:08.836-06:00 DEBUG 12528 --- [financial_system] [           main] o.f.c.i.s.classpath.ClassPathScanner     : Found resource: db/migrations/V5__records_in_catalog_tables.sql
2025-04-13T18:20:08.837-06:00 DEBUG 12528 --- [financial_system] [           main] o.f.c.i.s.classpath.ClassPathScanner     : Found resource: db/migrations/V6__account_locked_field.sql
2025-04-13T18:20:08.837-06:00 DEBUG 12528 --- [financial_system] [           main] o.f.c.i.s.classpath.ClassPathScanner     : Found resource: db/migrations/V7__mfa_config.sql
2025-04-13T18:20:08.837-06:00 DEBUG 12528 --- [financial_system] [           main] o.f.c.i.s.classpath.ClassPathScanner     : Found resource: db/migrations/V8__set_default_false_in_records.sql
2025-04-13T18:20:08.837-06:00 DEBUG 12528 --- [financial_system] [           main] o.f.c.i.s.classpath.ClassPathScanner     : Found resource: db/migrations/V9__entidad_federativa.sql
2025-04-13T18:20:08.837-06:00 DEBUG 12528 --- [financial_system] [           main] o.f.c.i.s.classpath.ClassPathScanner     : Scanning for classes at classpath:db/migrations
2025-04-13T18:20:08.848-06:00  INFO 12528 --- [financial_system] [           main] com.zaxxer.hikari.HikariDataSource       : HikariPool-1 - Starting...
2025-04-13T18:20:10.852-06:00  INFO 12528 --- [financial_system] [           main] com.zaxxer.hikari.pool.HikariPool        : HikariPool-1 - Added connection org.postgresql.jdbc.PgConnection@55e42684
2025-04-13T18:20:10.853-06:00  INFO 12528 --- [financial_system] [           main] com.zaxxer.hikari.HikariDataSource       : HikariPool-1 - Start completed.
2025-04-13T18:20:11.023-06:00 DEBUG 12528 --- [financial_system] [           main] o.f.c.i.resource.ResourceNameValidator   : Validating V11__occupation.sql
2025-04-13T18:20:11.024-06:00 DEBUG 12528 --- [financial_system] [           main] o.f.c.i.resource.ResourceNameValidator   : Validating V3__PF_PM_entities_and_daos.sql
2025-04-13T18:20:11.024-06:00 DEBUG 12528 --- [financial_system] [           main] o.f.c.i.resource.ResourceNameValidator   : Validating V18__product_types.sql
2025-04-13T18:20:11.024-06:00 DEBUG 12528 --- [financial_system] [           main] o.f.c.i.resource.ResourceNameValidator   : Validating V12__PersonaFisicaExrtanjera.sql
2025-04-13T18:20:11.024-06:00 DEBUG 12528 --- [financial_system] [           main] o.f.c.i.resource.ResourceNameValidator   : Validating V13__PersonaFisicaMex.sql
2025-04-13T18:20:11.024-06:00 DEBUG 12528 --- [financial_system] [           main] o.f.c.i.resource.ResourceNameValidator   : Validating V21__add_validations.sql
2025-04-13T18:20:11.025-06:00 DEBUG 12528 --- [financial_system] [           main] o.f.c.i.resource.ResourceNameValidator   : Validating V14__configuration.sql
2025-04-13T18:20:11.025-06:00 DEBUG 12528 --- [financial_system] [           main] o.f.c.i.resource.ResourceNameValidator   : Validating V10__gender.sql
2025-04-13T18:20:11.025-06:00 DEBUG 12528 --- [financial_system] [           main] o.f.c.i.resource.ResourceNameValidator   : Validating V16__countries.sql
2025-04-13T18:20:11.025-06:00 DEBUG 12528 --- [financial_system] [           main] o.f.c.i.resource.ResourceNameValidator   : Validating V5__records_in_catalog_tables.sql
2025-04-13T18:20:11.025-06:00 DEBUG 12528 --- [financial_system] [           main] o.f.c.i.resource.ResourceNameValidator   : Validating V2__rename_fields.sql
2025-04-13T18:20:11.025-06:00 DEBUG 12528 --- [financial_system] [           main] o.f.c.i.resource.ResourceNameValidator   : Validating V9__entidad_federativa.sql
2025-04-13T18:20:11.025-06:00 DEBUG 12528 --- [financial_system] [           main] o.f.c.i.resource.ResourceNameValidator   : Validating V19__regimen.sql
2025-04-13T18:20:11.026-06:00 DEBUG 12528 --- [financial_system] [           main] o.f.c.i.resource.ResourceNameValidator   : Validating V4__new_fields_on_client.sql
2025-04-13T18:20:11.026-06:00 DEBUG 12528 --- [financial_system] [           main] o.f.c.i.resource.ResourceNameValidator   : Validating V1__first_detinition.sql
2025-04-13T18:20:11.027-06:00 DEBUG 12528 --- [financial_system] [           main] o.f.c.i.resource.ResourceNameValidator   : Validating V23__change_type_field_validations.sql
2025-04-13T18:20:11.027-06:00 DEBUG 12528 --- [financial_system] [           main] o.f.c.i.resource.ResourceNameValidator   : Validating V17__banks.sql
2025-04-13T18:20:11.027-06:00 DEBUG 12528 --- [financial_system] [           main] o.f.c.i.resource.ResourceNameValidator   : Validating V22__add_ocr_field.sql
2025-04-13T18:20:11.027-06:00 DEBUG 12528 --- [financial_system] [           main] o.f.c.i.resource.ResourceNameValidator   : Validating V6__account_locked_field.sql
2025-04-13T18:20:11.027-06:00 DEBUG 12528 --- [financial_system] [           main] o.f.c.i.resource.ResourceNameValidator   : Validating V20__client_validations.sql
2025-04-13T18:20:11.027-06:00 DEBUG 12528 --- [financial_system] [           main] o.f.c.i.resource.ResourceNameValidator   : Validating V24__jsonb_to_text_ocr.sql
2025-04-13T18:20:11.027-06:00 DEBUG 12528 --- [financial_system] [           main] o.f.c.i.resource.ResourceNameValidator   : Validating V15__sepomex.sql
2025-04-13T18:20:11.027-06:00 DEBUG 12528 --- [financial_system] [           main] o.f.c.i.resource.ResourceNameValidator   : Validating V7__mfa_config.sql
2025-04-13T18:20:11.028-06:00 DEBUG 12528 --- [financial_system] [           main] o.f.c.i.resource.ResourceNameValidator   : Validating V8__set_default_false_in_records.sql
2025-04-13T18:20:11.036-06:00 DEBUG 12528 --- [financial_system] [           main] o.f.c.i.database.DatabaseTypeRegister    : Multiple databases found that handle url 'jdbc:postgresql://bwavrvwvpu8zhwgrbwmx-postgresql.services.clever-cloud.com:50013/bwavrvwvpu8zhwgrbwmx?client_encoding=LATIN1': CockroachDB,PostgreSQL
2025-04-13T18:20:11.039-06:00  INFO 12528 --- [financial_system] [           main] org.flywaydb.core.FlywayExecutor         : Database: jdbc:postgresql://bwavrvwvpu8zhwgrbwmx-postgresql.services.clever-cloud.com:50013/bwavrvwvpu8zhwgrbwmx?client_encoding=LATIN1 (PostgreSQL 15.4)
2025-04-13T18:20:11.039-06:00 DEBUG 12528 --- [financial_system] [           main] org.flywaydb.core.FlywayExecutor         : Database Type: PostgreSQL
2025-04-13T18:20:11.039-06:00 DEBUG 12528 --- [financial_system] [           main] org.flywaydb.core.FlywayExecutor         : Driver: PostgreSQL JDBC Driver 42.7.5
2025-04-13T18:20:11.040-06:00 DEBUG 12528 --- [financial_system] [           main] org.flywaydb.core.FlywayExecutor         : DDL Transactions Supported: true
2025-04-13T18:20:11.041-06:00 DEBUG 12528 --- [financial_system] [           main] o.f.c.i.s.SchemaHistoryFactory           : Schemas: 
2025-04-13T18:20:11.041-06:00 DEBUG 12528 --- [financial_system] [           main] o.f.c.i.s.SchemaHistoryFactory           : Default schema: null
2025-04-13T18:20:12.344-06:00 DEBUG 12528 --- [financial_system] [           main] org.flywaydb.core.FlywayExecutor         : Scanning for script callbacks ...
2025-04-13T18:20:12.347-06:00 DEBUG 12528 --- [financial_system] [           main] o.f.c.i.c.SqlScriptCallbackFactory       : Scanning for SQL callbacks ...
2025-04-13T18:20:12.523-06:00 DEBUG 12528 --- [financial_system] [           main] o.f.core.internal.command.DbValidate     : Validating migrations ...
2025-04-13T18:20:12.525-06:00 DEBUG 12528 --- [financial_system] [           main] o.f.c.a.c.ClassicConfiguration           : CherryPickConfigurationExtension not found
2025-04-13T18:20:12.582-06:00 DEBUG 12528 --- [financial_system] [           main] o.f.core.internal.scanner.Scanner        : Filtering out resource: db/migrations/V11__occupation.sql (filename: V11__occupation.sql)
2025-04-13T18:20:12.582-06:00 DEBUG 12528 --- [financial_system] [           main] o.f.core.internal.scanner.Scanner        : Filtering out resource: db/migrations/V3__PF_PM_entities_and_daos.sql (filename: V3__PF_PM_entities_and_daos.sql)
2025-04-13T18:20:12.582-06:00 DEBUG 12528 --- [financial_system] [           main] o.f.core.internal.scanner.Scanner        : Filtering out resource: db/migrations/V18__product_types.sql (filename: V18__product_types.sql)
2025-04-13T18:20:12.583-06:00 DEBUG 12528 --- [financial_system] [           main] o.f.core.internal.scanner.Scanner        : Filtering out resource: db/migrations/V12__PersonaFisicaExrtanjera.sql (filename: V12__PersonaFisicaExrtanjera.sql)
2025-04-13T18:20:12.583-06:00 DEBUG 12528 --- [financial_system] [           main] o.f.core.internal.scanner.Scanner        : Filtering out resource: db/migrations/V13__PersonaFisicaMex.sql (filename: V13__PersonaFisicaMex.sql)
2025-04-13T18:20:12.583-06:00 DEBUG 12528 --- [financial_system] [           main] o.f.core.internal.scanner.Scanner        : Filtering out resource: db/migrations/V21__add_validations.sql (filename: V21__add_validations.sql)
2025-04-13T18:20:12.583-06:00 DEBUG 12528 --- [financial_system] [           main] o.f.core.internal.scanner.Scanner        : Filtering out resource: db/migrations/V14__configuration.sql (filename: V14__configuration.sql)
2025-04-13T18:20:12.583-06:00 DEBUG 12528 --- [financial_system] [           main] o.f.core.internal.scanner.Scanner        : Filtering out resource: db/migrations/V10__gender.sql (filename: V10__gender.sql)
2025-04-13T18:20:12.583-06:00 DEBUG 12528 --- [financial_system] [           main] o.f.core.internal.scanner.Scanner        : Filtering out resource: db/migrations/V16__countries.sql (filename: V16__countries.sql)
2025-04-13T18:20:12.583-06:00 DEBUG 12528 --- [financial_system] [           main] o.f.core.internal.scanner.Scanner        : Filtering out resource: db/migrations/V5__records_in_catalog_tables.sql (filename: V5__records_in_catalog_tables.sql)
2025-04-13T18:20:12.583-06:00 DEBUG 12528 --- [financial_system] [           main] o.f.core.internal.scanner.Scanner        : Filtering out resource: db/migrations/V2__rename_fields.sql (filename: V2__rename_fields.sql)
2025-04-13T18:20:12.584-06:00 DEBUG 12528 --- [financial_system] [           main] o.f.core.internal.scanner.Scanner        : Filtering out resource: db/migrations/V9__entidad_federativa.sql (filename: V9__entidad_federativa.sql)
2025-04-13T18:20:12.584-06:00 DEBUG 12528 --- [financial_system] [           main] o.f.core.internal.scanner.Scanner        : Filtering out resource: db/migrations/V19__regimen.sql (filename: V19__regimen.sql)
2025-04-13T18:20:12.584-06:00 DEBUG 12528 --- [financial_system] [           main] o.f.core.internal.scanner.Scanner        : Filtering out resource: db/migrations/V4__new_fields_on_client.sql (filename: V4__new_fields_on_client.sql)
2025-04-13T18:20:12.584-06:00 DEBUG 12528 --- [financial_system] [           main] o.f.core.internal.scanner.Scanner        : Filtering out resource: db/migrations/V1__first_detinition.sql (filename: V1__first_detinition.sql)
2025-04-13T18:20:12.584-06:00 DEBUG 12528 --- [financial_system] [           main] o.f.core.internal.scanner.Scanner        : Filtering out resource: db/migrations/V23__change_type_field_validations.sql (filename: V23__change_type_field_validations.sql)
2025-04-13T18:20:12.584-06:00 DEBUG 12528 --- [financial_system] [           main] o.f.core.internal.scanner.Scanner        : Filtering out resource: db/migrations/V17__banks.sql (filename: V17__banks.sql)
2025-04-13T18:20:12.584-06:00 DEBUG 12528 --- [financial_system] [           main] o.f.core.internal.scanner.Scanner        : Filtering out resource: db/migrations/V22__add_ocr_field.sql (filename: V22__add_ocr_field.sql)
2025-04-13T18:20:12.584-06:00 DEBUG 12528 --- [financial_system] [           main] o.f.core.internal.scanner.Scanner        : Filtering out resource: db/migrations/V6__account_locked_field.sql (filename: V6__account_locked_field.sql)
2025-04-13T18:20:12.584-06:00 DEBUG 12528 --- [financial_system] [           main] o.f.core.internal.scanner.Scanner        : Filtering out resource: db/migrations/V20__client_validations.sql (filename: V20__client_validations.sql)
2025-04-13T18:20:12.584-06:00 DEBUG 12528 --- [financial_system] [           main] o.f.core.internal.scanner.Scanner        : Filtering out resource: db/migrations/V24__jsonb_to_text_ocr.sql (filename: V24__jsonb_to_text_ocr.sql)
2025-04-13T18:20:12.584-06:00 DEBUG 12528 --- [financial_system] [           main] o.f.core.internal.scanner.Scanner        : Filtering out resource: db/migrations/V15__sepomex.sql (filename: V15__sepomex.sql)
2025-04-13T18:20:12.584-06:00 DEBUG 12528 --- [financial_system] [           main] o.f.core.internal.scanner.Scanner        : Filtering out resource: db/migrations/V7__mfa_config.sql (filename: V7__mfa_config.sql)
2025-04-13T18:20:12.584-06:00 DEBUG 12528 --- [financial_system] [           main] o.f.core.internal.scanner.Scanner        : Filtering out resource: db/migrations/V8__set_default_false_in_records.sql (filename: V8__set_default_false_in_records.sql)
2025-04-13T18:20:12.585-06:00 DEBUG 12528 --- [financial_system] [           main] o.f.core.internal.scanner.Scanner        : Filtering out resource: db/migrations/V11__occupation.sql (filename: V11__occupation.sql)
2025-04-13T18:20:12.585-06:00 DEBUG 12528 --- [financial_system] [           main] o.f.core.internal.scanner.Scanner        : Filtering out resource: db/migrations/V3__PF_PM_entities_and_daos.sql (filename: V3__PF_PM_entities_and_daos.sql)
2025-04-13T18:20:12.585-06:00 DEBUG 12528 --- [financial_system] [           main] o.f.core.internal.scanner.Scanner        : Filtering out resource: db/migrations/V18__product_types.sql (filename: V18__product_types.sql)
2025-04-13T18:20:12.585-06:00 DEBUG 12528 --- [financial_system] [           main] o.f.core.internal.scanner.Scanner        : Filtering out resource: db/migrations/V12__PersonaFisicaExrtanjera.sql (filename: V12__PersonaFisicaExrtanjera.sql)
2025-04-13T18:20:12.585-06:00 DEBUG 12528 --- [financial_system] [           main] o.f.core.internal.scanner.Scanner        : Filtering out resource: db/migrations/V13__PersonaFisicaMex.sql (filename: V13__PersonaFisicaMex.sql)
2025-04-13T18:20:12.585-06:00 DEBUG 12528 --- [financial_system] [           main] o.f.core.internal.scanner.Scanner        : Filtering out resource: db/migrations/V21__add_validations.sql (filename: V21__add_validations.sql)
2025-04-13T18:20:12.585-06:00 DEBUG 12528 --- [financial_system] [           main] o.f.core.internal.scanner.Scanner        : Filtering out resource: db/migrations/V14__configuration.sql (filename: V14__configuration.sql)
2025-04-13T18:20:12.585-06:00 DEBUG 12528 --- [financial_system] [           main] o.f.core.internal.scanner.Scanner        : Filtering out resource: db/migrations/V10__gender.sql (filename: V10__gender.sql)
2025-04-13T18:20:12.586-06:00 DEBUG 12528 --- [financial_system] [           main] o.f.core.internal.scanner.Scanner        : Filtering out resource: db/migrations/V16__countries.sql (filename: V16__countries.sql)
2025-04-13T18:20:12.586-06:00 DEBUG 12528 --- [financial_system] [           main] o.f.core.internal.scanner.Scanner        : Filtering out resource: db/migrations/V5__records_in_catalog_tables.sql (filename: V5__records_in_catalog_tables.sql)
2025-04-13T18:20:12.586-06:00 DEBUG 12528 --- [financial_system] [           main] o.f.core.internal.scanner.Scanner        : Filtering out resource: db/migrations/V2__rename_fields.sql (filename: V2__rename_fields.sql)
2025-04-13T18:20:12.586-06:00 DEBUG 12528 --- [financial_system] [           main] o.f.core.internal.scanner.Scanner        : Filtering out resource: db/migrations/V9__entidad_federativa.sql (filename: V9__entidad_federativa.sql)
2025-04-13T18:20:12.586-06:00 DEBUG 12528 --- [financial_system] [           main] o.f.core.internal.scanner.Scanner        : Filtering out resource: db/migrations/V19__regimen.sql (filename: V19__regimen.sql)
2025-04-13T18:20:12.586-06:00 DEBUG 12528 --- [financial_system] [           main] o.f.core.internal.scanner.Scanner        : Filtering out resource: db/migrations/V4__new_fields_on_client.sql (filename: V4__new_fields_on_client.sql)
2025-04-13T18:20:12.586-06:00 DEBUG 12528 --- [financial_system] [           main] o.f.core.internal.scanner.Scanner        : Filtering out resource: db/migrations/V1__first_detinition.sql (filename: V1__first_detinition.sql)
2025-04-13T18:20:12.586-06:00 DEBUG 12528 --- [financial_system] [           main] o.f.core.internal.scanner.Scanner        : Filtering out resource: db/migrations/V23__change_type_field_validations.sql (filename: V23__change_type_field_validations.sql)
2025-04-13T18:20:12.586-06:00 DEBUG 12528 --- [financial_system] [           main] o.f.core.internal.scanner.Scanner        : Filtering out resource: db/migrations/V17__banks.sql (filename: V17__banks.sql)
2025-04-13T18:20:12.586-06:00 DEBUG 12528 --- [financial_system] [           main] o.f.core.internal.scanner.Scanner        : Filtering out resource: db/migrations/V22__add_ocr_field.sql (filename: V22__add_ocr_field.sql)
2025-04-13T18:20:12.586-06:00 DEBUG 12528 --- [financial_system] [           main] o.f.core.internal.scanner.Scanner        : Filtering out resource: db/migrations/V6__account_locked_field.sql (filename: V6__account_locked_field.sql)
2025-04-13T18:20:12.586-06:00 DEBUG 12528 --- [financial_system] [           main] o.f.core.internal.scanner.Scanner        : Filtering out resource: db/migrations/V20__client_validations.sql (filename: V20__client_validations.sql)
2025-04-13T18:20:12.586-06:00 DEBUG 12528 --- [financial_system] [           main] o.f.core.internal.scanner.Scanner        : Filtering out resource: db/migrations/V24__jsonb_to_text_ocr.sql (filename: V24__jsonb_to_text_ocr.sql)
2025-04-13T18:20:12.586-06:00 DEBUG 12528 --- [financial_system] [           main] o.f.core.internal.scanner.Scanner        : Filtering out resource: db/migrations/V15__sepomex.sql (filename: V15__sepomex.sql)
2025-04-13T18:20:12.586-06:00 DEBUG 12528 --- [financial_system] [           main] o.f.core.internal.scanner.Scanner        : Filtering out resource: db/migrations/V7__mfa_config.sql (filename: V7__mfa_config.sql)
2025-04-13T18:20:12.586-06:00 DEBUG 12528 --- [financial_system] [           main] o.f.core.internal.scanner.Scanner        : Filtering out resource: db/migrations/V8__set_default_false_in_records.sql (filename: V8__set_default_false_in_records.sql)
2025-04-13T18:20:12.588-06:00 DEBUG 12528 --- [financial_system] [           main] o.f.core.internal.scanner.Scanner        : Filtering out resource: db/migrations/V11__occupation.sql (filename: V11__occupation.sql)
2025-04-13T18:20:12.588-06:00 DEBUG 12528 --- [financial_system] [           main] o.f.core.internal.scanner.Scanner        : Filtering out resource: db/migrations/V3__PF_PM_entities_and_daos.sql (filename: V3__PF_PM_entities_and_daos.sql)
2025-04-13T18:20:12.588-06:00 DEBUG 12528 --- [financial_system] [           main] o.f.core.internal.scanner.Scanner        : Filtering out resource: db/migrations/V18__product_types.sql (filename: V18__product_types.sql)
2025-04-13T18:20:12.588-06:00 DEBUG 12528 --- [financial_system] [           main] o.f.core.internal.scanner.Scanner        : Filtering out resource: db/migrations/V12__PersonaFisicaExrtanjera.sql (filename: V12__PersonaFisicaExrtanjera.sql)
2025-04-13T18:20:12.588-06:00 DEBUG 12528 --- [financial_system] [           main] o.f.core.internal.scanner.Scanner        : Filtering out resource: db/migrations/V13__PersonaFisicaMex.sql (filename: V13__PersonaFisicaMex.sql)
2025-04-13T18:20:12.588-06:00 DEBUG 12528 --- [financial_system] [           main] o.f.core.internal.scanner.Scanner        : Filtering out resource: db/migrations/V21__add_validations.sql (filename: V21__add_validations.sql)
2025-04-13T18:20:12.588-06:00 DEBUG 12528 --- [financial_system] [           main] o.f.core.internal.scanner.Scanner        : Filtering out resource: db/migrations/V14__configuration.sql (filename: V14__configuration.sql)
2025-04-13T18:20:12.588-06:00 DEBUG 12528 --- [financial_system] [           main] o.f.core.internal.scanner.Scanner        : Filtering out resource: db/migrations/V10__gender.sql (filename: V10__gender.sql)
2025-04-13T18:20:12.588-06:00 DEBUG 12528 --- [financial_system] [           main] o.f.core.internal.scanner.Scanner        : Filtering out resource: db/migrations/V16__countries.sql (filename: V16__countries.sql)
2025-04-13T18:20:12.588-06:00 DEBUG 12528 --- [financial_system] [           main] o.f.core.internal.scanner.Scanner        : Filtering out resource: db/migrations/V5__records_in_catalog_tables.sql (filename: V5__records_in_catalog_tables.sql)
2025-04-13T18:20:12.588-06:00 DEBUG 12528 --- [financial_system] [           main] o.f.core.internal.scanner.Scanner        : Filtering out resource: db/migrations/V2__rename_fields.sql (filename: V2__rename_fields.sql)
2025-04-13T18:20:12.588-06:00 DEBUG 12528 --- [financial_system] [           main] o.f.core.internal.scanner.Scanner        : Filtering out resource: db/migrations/V9__entidad_federativa.sql (filename: V9__entidad_federativa.sql)
2025-04-13T18:20:12.588-06:00 DEBUG 12528 --- [financial_system] [           main] o.f.core.internal.scanner.Scanner        : Filtering out resource: db/migrations/V19__regimen.sql (filename: V19__regimen.sql)
2025-04-13T18:20:12.588-06:00 DEBUG 12528 --- [financial_system] [           main] o.f.core.internal.scanner.Scanner        : Filtering out resource: db/migrations/V4__new_fields_on_client.sql (filename: V4__new_fields_on_client.sql)
2025-04-13T18:20:12.589-06:00 DEBUG 12528 --- [financial_system] [           main] o.f.core.internal.scanner.Scanner        : Filtering out resource: db/migrations/V1__first_detinition.sql (filename: V1__first_detinition.sql)
2025-04-13T18:20:12.589-06:00 DEBUG 12528 --- [financial_system] [           main] o.f.core.internal.scanner.Scanner        : Filtering out resource: db/migrations/V23__change_type_field_validations.sql (filename: V23__change_type_field_validations.sql)
2025-04-13T18:20:12.589-06:00 DEBUG 12528 --- [financial_system] [           main] o.f.core.internal.scanner.Scanner        : Filtering out resource: db/migrations/V17__banks.sql (filename: V17__banks.sql)
2025-04-13T18:20:12.589-06:00 DEBUG 12528 --- [financial_system] [           main] o.f.core.internal.scanner.Scanner        : Filtering out resource: db/migrations/V22__add_ocr_field.sql (filename: V22__add_ocr_field.sql)
2025-04-13T18:20:12.589-06:00 DEBUG 12528 --- [financial_system] [           main] o.f.core.internal.scanner.Scanner        : Filtering out resource: db/migrations/V6__account_locked_field.sql (filename: V6__account_locked_field.sql)
2025-04-13T18:20:12.589-06:00 DEBUG 12528 --- [financial_system] [           main] o.f.core.internal.scanner.Scanner        : Filtering out resource: db/migrations/V20__client_validations.sql (filename: V20__client_validations.sql)
2025-04-13T18:20:12.589-06:00 DEBUG 12528 --- [financial_system] [           main] o.f.core.internal.scanner.Scanner        : Filtering out resource: db/migrations/V24__jsonb_to_text_ocr.sql (filename: V24__jsonb_to_text_ocr.sql)
2025-04-13T18:20:12.589-06:00 DEBUG 12528 --- [financial_system] [           main] o.f.core.internal.scanner.Scanner        : Filtering out resource: db/migrations/V15__sepomex.sql (filename: V15__sepomex.sql)
2025-04-13T18:20:12.589-06:00 DEBUG 12528 --- [financial_system] [           main] o.f.core.internal.scanner.Scanner        : Filtering out resource: db/migrations/V7__mfa_config.sql (filename: V7__mfa_config.sql)
2025-04-13T18:20:12.589-06:00 DEBUG 12528 --- [financial_system] [           main] o.f.core.internal.scanner.Scanner        : Filtering out resource: db/migrations/V8__set_default_false_in_records.sql (filename: V8__set_default_false_in_records.sql)
2025-04-13T18:20:12.589-06:00 DEBUG 12528 --- [financial_system] [           main] o.f.core.internal.scanner.Scanner        : Filtering out resource: db/migrations/V11__occupation.sql (filename: V11__occupation.sql)
2025-04-13T18:20:12.589-06:00 DEBUG 12528 --- [financial_system] [           main] o.f.core.internal.scanner.Scanner        : Filtering out resource: db/migrations/V3__PF_PM_entities_and_daos.sql (filename: V3__PF_PM_entities_and_daos.sql)
2025-04-13T18:20:12.589-06:00 DEBUG 12528 --- [financial_system] [           main] o.f.core.internal.scanner.Scanner        : Filtering out resource: db/migrations/V18__product_types.sql (filename: V18__product_types.sql)
2025-04-13T18:20:12.589-06:00 DEBUG 12528 --- [financial_system] [           main] o.f.core.internal.scanner.Scanner        : Filtering out resource: db/migrations/V12__PersonaFisicaExrtanjera.sql (filename: V12__PersonaFisicaExrtanjera.sql)
2025-04-13T18:20:12.589-06:00 DEBUG 12528 --- [financial_system] [           main] o.f.core.internal.scanner.Scanner        : Filtering out resource: db/migrations/V13__PersonaFisicaMex.sql (filename: V13__PersonaFisicaMex.sql)
2025-04-13T18:20:12.590-06:00 DEBUG 12528 --- [financial_system] [           main] o.f.core.internal.scanner.Scanner        : Filtering out resource: db/migrations/V21__add_validations.sql (filename: V21__add_validations.sql)
2025-04-13T18:20:12.590-06:00 DEBUG 12528 --- [financial_system] [           main] o.f.core.internal.scanner.Scanner        : Filtering out resource: db/migrations/V14__configuration.sql (filename: V14__configuration.sql)
2025-04-13T18:20:12.590-06:00 DEBUG 12528 --- [financial_system] [           main] o.f.core.internal.scanner.Scanner        : Filtering out resource: db/migrations/V10__gender.sql (filename: V10__gender.sql)
2025-04-13T18:20:12.590-06:00 DEBUG 12528 --- [financial_system] [           main] o.f.core.internal.scanner.Scanner        : Filtering out resource: db/migrations/V16__countries.sql (filename: V16__countries.sql)
2025-04-13T18:20:12.590-06:00 DEBUG 12528 --- [financial_system] [           main] o.f.core.internal.scanner.Scanner        : Filtering out resource: db/migrations/V5__records_in_catalog_tables.sql (filename: V5__records_in_catalog_tables.sql)
2025-04-13T18:20:12.590-06:00 DEBUG 12528 --- [financial_system] [           main] o.f.core.internal.scanner.Scanner        : Filtering out resource: db/migrations/V2__rename_fields.sql (filename: V2__rename_fields.sql)
2025-04-13T18:20:12.590-06:00 DEBUG 12528 --- [financial_system] [           main] o.f.core.internal.scanner.Scanner        : Filtering out resource: db/migrations/V9__entidad_federativa.sql (filename: V9__entidad_federativa.sql)
2025-04-13T18:20:12.590-06:00 DEBUG 12528 --- [financial_system] [           main] o.f.core.internal.scanner.Scanner        : Filtering out resource: db/migrations/V19__regimen.sql (filename: V19__regimen.sql)
2025-04-13T18:20:12.590-06:00 DEBUG 12528 --- [financial_system] [           main] o.f.core.internal.scanner.Scanner        : Filtering out resource: db/migrations/V4__new_fields_on_client.sql (filename: V4__new_fields_on_client.sql)
2025-04-13T18:20:12.590-06:00 DEBUG 12528 --- [financial_system] [           main] o.f.core.internal.scanner.Scanner        : Filtering out resource: db/migrations/V1__first_detinition.sql (filename: V1__first_detinition.sql)
2025-04-13T18:20:12.590-06:00 DEBUG 12528 --- [financial_system] [           main] o.f.core.internal.scanner.Scanner        : Filtering out resource: db/migrations/V23__change_type_field_validations.sql (filename: V23__change_type_field_validations.sql)
2025-04-13T18:20:12.590-06:00 DEBUG 12528 --- [financial_system] [           main] o.f.core.internal.scanner.Scanner        : Filtering out resource: db/migrations/V17__banks.sql (filename: V17__banks.sql)
2025-04-13T18:20:12.590-06:00 DEBUG 12528 --- [financial_system] [           main] o.f.core.internal.scanner.Scanner        : Filtering out resource: db/migrations/V22__add_ocr_field.sql (filename: V22__add_ocr_field.sql)
2025-04-13T18:20:12.590-06:00 DEBUG 12528 --- [financial_system] [           main] o.f.core.internal.scanner.Scanner        : Filtering out resource: db/migrations/V6__account_locked_field.sql (filename: V6__account_locked_field.sql)
2025-04-13T18:20:12.590-06:00 DEBUG 12528 --- [financial_system] [           main] o.f.core.internal.scanner.Scanner        : Filtering out resource: db/migrations/V20__client_validations.sql (filename: V20__client_validations.sql)
2025-04-13T18:20:12.590-06:00 DEBUG 12528 --- [financial_system] [           main] o.f.core.internal.scanner.Scanner        : Filtering out resource: db/migrations/V24__jsonb_to_text_ocr.sql (filename: V24__jsonb_to_text_ocr.sql)
2025-04-13T18:20:12.590-06:00 DEBUG 12528 --- [financial_system] [           main] o.f.core.internal.scanner.Scanner        : Filtering out resource: db/migrations/V15__sepomex.sql (filename: V15__sepomex.sql)
2025-04-13T18:20:12.590-06:00 DEBUG 12528 --- [financial_system] [           main] o.f.core.internal.scanner.Scanner        : Filtering out resource: db/migrations/V7__mfa_config.sql (filename: V7__mfa_config.sql)
2025-04-13T18:20:12.590-06:00 DEBUG 12528 --- [financial_system] [           main] o.f.core.internal.scanner.Scanner        : Filtering out resource: db/migrations/V8__set_default_false_in_records.sql (filename: V8__set_default_false_in_records.sql)
2025-04-13T18:20:13.237-06:00  INFO 12528 --- [financial_system] [           main] o.f.core.internal.command.DbValidate     : Successfully validated 24 migrations (execution time 00:00.712s)
2025-04-13T18:20:13.397-06:00 DEBUG 12528 --- [financial_system] [           main] o.f.core.internal.command.DbSchemas      : Skipping creation of existing schema: "public"
2025-04-13T18:20:14.816-06:00 DEBUG 12528 --- [financial_system] [           main] o.f.c.a.c.ClassicConfiguration           : CherryPickConfigurationExtension not found
2025-04-13T18:20:15.300-06:00  INFO 12528 --- [financial_system] [           main] o.f.core.internal.command.DbMigrate      : Current version of schema "public": 24
2025-04-13T18:20:15.478-06:00  INFO 12528 --- [financial_system] [           main] o.f.core.internal.command.DbMigrate      : Schema "public" is up to date. No migration necessary.
2025-04-13T18:20:16.443-06:00 DEBUG 12528 --- [financial_system] [           main] org.flywaydb.core.FlywayExecutor         : Memory usage: 30 of 88M
2025-04-13T18:20:16.570-06:00  INFO 12528 --- [financial_system] [           main] o.hibernate.jpa.internal.util.LogHelper  : HHH000204: Processing PersistenceUnitInfo [name: default]
2025-04-13T18:20:16.628-06:00  INFO 12528 --- [financial_system] [           main] org.hibernate.Version                    : HHH000412: Hibernate ORM core version 6.6.8.Final
2025-04-13T18:20:16.668-06:00  INFO 12528 --- [financial_system] [           main] o.h.c.internal.RegionFactoryInitiator    : HHH000026: Second-level cache disabled
2025-04-13T18:20:16.922-06:00  INFO 12528 --- [financial_system] [           main] o.s.o.j.p.SpringPersistenceUnitInfo      : No LoadTimeWeaver setup: ignoring JPA class transformer
2025-04-13T18:20:17.804-06:00  INFO 12528 --- [financial_system] [           main] org.hibernate.orm.connections.pooling    : HHH10001005: Database info:
	Database JDBC URL [Connecting through datasource 'HikariDataSource (HikariPool-1)']
	Database driver: undefined/unknown
	Database version: 15.4
	Autocommit mode: undefined/unknown
	Isolation level: undefined/unknown
	Minimum pool size: undefined/unknown
	Maximum pool size: undefined/unknown
2025-04-13T18:20:19.084-06:00  INFO 12528 --- [financial_system] [           main] o.h.e.t.j.p.i.JtaPlatformInitiator       : HHH000489: No JTA platform available (set 'hibernate.transaction.jta.platform' to enable JTA platform integration)
2025-04-13T18:20:19.087-06:00  INFO 12528 --- [financial_system] [           main] j.LocalContainerEntityManagerFactoryBean : Initialized JPA EntityManagerFactory for persistence unit 'default'
2025-04-13T18:20:19.372-06:00  INFO 12528 --- [financial_system] [           main] o.s.d.j.r.query.QueryEnhancerFactory     : Hibernate is in classpath; If applicable, HQL parser will be used.
2025-04-13T18:20:19.944-06:00  WARN 12528 --- [financial_system] [           main] JpaBaseConfiguration$JpaWebConfiguration : spring.jpa.open-in-view is enabled by default. Therefore, database queries may be performed during view rendering. Explicitly configure spring.jpa.open-in-view to disable this warning
2025-04-13T18:20:20.098-06:00  INFO 12528 --- [financial_system] [           main] eAuthenticationProviderManagerConfigurer : Global AuthenticationManager configured with AuthenticationProvider bean with name authenticationProvider
2025-04-13T18:20:20.099-06:00  WARN 12528 --- [financial_system] [           main] r$InitializeUserDetailsManagerConfigurer : Global AuthenticationManager configured with an AuthenticationProvider bean. UserDetailsService beans will not be used by Spring Security for automatically configuring username/password login. Consider removing the AuthenticationProvider bean. Alternatively, consider using the UserDetailsService in a manually instantiated DaoAuthenticationProvider. If the current configuration is intentional, to turn off this warning, increase the logging level of 'org.springframework.security.config.annotation.authentication.configuration.InitializeUserDetailsBeanManagerConfigurer' to ERROR
2025-04-13T18:20:21.336-06:00  INFO 12528 --- [financial_system] [           main] c.f.s.FinancialSystemApplicationTests    : Started FinancialSystemApplicationTests in 14.478 seconds (process running for 15.336)
2025-04-13T18:20:21.776-06:00  INFO 12528 --- [financial_system] [           main] c.f.system.shared.components.GenderCLR   : Genders already loaded
2025-04-13T18:20:21.928-06:00  INFO 12528 --- [financial_system] [           main] c.f.s.shared.components.ProductsCLR      : Products already loaded
2025-04-13T18:20:22.084-06:00  INFO 12528 --- [financial_system] [           main] c.f.system.shared.components.RegimenCLR  : Regimenes fiscales already loaded
2025-04-13T18:20:22.238-06:00  INFO 12528 --- [financial_system] [           main] c.f.s.shared.components.OccupationsCLR   : Occupations already loaded
2025-04-13T18:20:22.708-06:00  INFO 12528 --- [financial_system] [           main] c.f.s.shared.components.CountriesCLR     : Countries already loaded
2025-04-13T18:20:22.894-06:00  INFO 12528 --- [financial_system] [           main] c.f.system.shared.components.SepomexCLR  : Sepomex data already loaded
2025-04-13T18:20:23.220-06:00  INFO 12528 --- [financial_system] [           main] c.f.system.shared.components.BankCLR     : Banks already loaded
2025-04-13T18:20:23.379-06:00  INFO 12528 --- [financial_system] [           main] c.f.system.shared.components.EstadoCLR   : States data already loaded
]]></system-out>
    <system-err><![CDATA[Mockito is currently self-attaching to enable the inline-mock-maker. This will no longer work in future releases of the JDK. Please add Mockito as an agent to your build what is described in Mockito's documentation: https://javadoc.io/doc/org.mockito/mockito-core/latest/org/mockito/Mockito.html#0.3
WARNING: A Java agent has been loaded dynamically (C:\Users\Carlos\.m2\repository\net\bytebuddy\byte-buddy-agent\1.15.11\byte-buddy-agent-1.15.11.jar)
WARNING: If a serviceability tool is in use, please run with -XX:+EnableDynamicAgentLoading to hide this warning
WARNING: If a serviceability tool is not in use, please run with -Djdk.instrument.traceUsage for more information
WARNING: Dynamic loading of agents will be disallowed by default in a future release
]]></system-err>
  </testcase>
</testsuite>