<?xml version="1.0" encoding="UTF-8"?>
<testsuite xmlns:xsi="http://www.w3.org/2001/XMLSchema-instance" xsi:noNamespaceSchemaLocation="https://maven.apache.org/surefire/maven-surefire-plugin/xsd/surefire-test-report.xsd" version="3.0.2" name="com.financial.system.FinancialSystemApplicationTests" time="17.704" tests="1" errors="0" skipped="0" failures="0">
  <properties>
[...]
</properties>
  <testcase name="contextLoads" classname="com.financial.system.FinancialSystemApplicationTests" time="0.379">
    <system-out><![CDATA[20:59:23.827 [main] INFO org.springframework.test.context.support.AnnotationConfigContextLoaderUtils -- Could not detect default configuration classes for test class [com.financial.system.FinancialSystemApplicationTests]: FinancialSystemApplicationTests does not declare any static, non-private, non-final, nested classes annotated with @Configuration.
20:59:23.945 [main] INFO org.springframework.boot.test.context.SpringBootTestContextBootstrapper -- Found @SpringBootConfiguration com.financial.system.FinancialSystemApplication for test class com.financial.system.FinancialSystemApplicationTests

  .   ____          _            __ _ _
 /\\ / ___'_ __ _ _(_)_ __  __ _ \ \ \ \
( ( )\___ | '_ | '_| | '_ \/ _` | \ \ \ \
 \\/  ___)| |_)| | | | | || (_| |  ) ) ) )
  '  |____| .__|_| |_|_| |_\__, | / / / /
 =========|_|==============|___/=/_/_/_/

 :: Spring Boot ::                (v3.4.3)

2025-04-13T20:59:24.391-06:00  INFO 14988 --- [financial_system] [           main] c.f.s.FinancialSystemApplicationTests    : Starting FinancialSystemApplicationTests using Java 23.0.1 with PID 14988 (started by Carlos in C:\PROYECTO\back_prueba)
2025-04-13T20:59:24.392-06:00  INFO 14988 --- [financial_system] [           main] c.f.s.FinancialSystemApplicationTests    : No active profile set, falling back to 1 default profile: "default"
2025-04-13T20:59:25.167-06:00  INFO 14988 --- [financial_system] [           main] .s.d.r.c.RepositoryConfigurationDelegate : Bootstrapping Spring Data JPA repositories in DEFAULT mode.
2025-04-13T20:59:25.417-06:00  INFO 14988 --- [financial_system] [           main] .s.d.r.c.RepositoryConfigurationDelegate : Finished Spring Data repository scanning in 242 ms. Found 22 JPA repository interfaces.
2025-04-13T20:59:26.121-06:00 DEBUG 14988 --- [financial_system] [           main] o.f.c.i.s.classpath.ClassPathScanner     : Scanning for classpath resources at 'classpath:db/callback' ...
2025-04-13T20:59:26.121-06:00 DEBUG 14988 --- [financial_system] [           main] o.f.c.i.s.classpath.ClassPathScanner     : Determining location urls for classpath:db/callback using ClassLoader jdk.internal.loader.ClassLoaders$AppClassLoader@70dea4e ...
2025-04-13T20:59:26.121-06:00 DEBUG 14988 --- [financial_system] [           main] o.f.c.i.s.classpath.ClassPathScanner     : Unable to resolve location classpath:db/callback.
2025-04-13T20:59:26.121-06:00 DEBUG 14988 --- [financial_system] [           main] o.f.c.i.s.classpath.ClassPathScanner     : Scanning for classpath resources at 'classpath:db/migrations' ...
2025-04-13T20:59:26.122-06:00 DEBUG 14988 --- [financial_system] [           main] o.f.c.i.s.classpath.ClassPathScanner     : Determining location urls for classpath:db/migrations using ClassLoader jdk.internal.loader.ClassLoaders$AppClassLoader@70dea4e ...
2025-04-13T20:59:26.122-06:00 DEBUG 14988 --- [financial_system] [           main] o.f.c.i.s.classpath.ClassPathScanner     : Scanning URL: file:/C:/PROYECTO/back_prueba/target/classes/db/migrations
2025-04-13T20:59:26.123-06:00 DEBUG 14988 --- [financial_system] [           main] i.s.c.FileSystemClassPathLocationScanner : Scanning starting at classpath root in filesystem: C:\PROYECTO\back_prueba\target\classes\
2025-04-13T20:59:26.124-06:00 DEBUG 14988 --- [financial_system] [           main] i.s.c.FileSystemClassPathLocationScanner : Scanning for resources in path: C:\PROYECTO\back_prueba\target\classes\db\migrations (db/migrations)
2025-04-13T20:59:26.127-06:00 DEBUG 14988 --- [financial_system] [           main] o.f.c.i.s.classpath.ClassPathScanner     : Found resource: db/migrations/V10__gender.sql
2025-04-13T20:59:26.127-06:00 DEBUG 14988 --- [financial_system] [           main] o.f.c.i.s.classpath.ClassPathScanner     : Found resource: db/migrations/V11__occupation.sql
2025-04-13T20:59:26.128-06:00 DEBUG 14988 --- [financial_system] [           main] o.f.c.i.s.classpath.ClassPathScanner     : Found resource: db/migrations/V12__PersonaFisicaExrtanjera.sql
2025-04-13T20:59:26.128-06:00 DEBUG 14988 --- [financial_system] [           main] o.f.c.i.s.classpath.ClassPathScanner     : Found resource: db/migrations/V13__PersonaFisicaMex.sql
2025-04-13T20:59:26.128-06:00 DEBUG 14988 --- [financial_system] [           main] o.f.c.i.s.classpath.ClassPathScanner     : Found resource: db/migrations/V14__configuration.sql
2025-04-13T20:59:26.128-06:00 DEBUG 14988 --- [financial_system] [           main] o.f.c.i.s.classpath.ClassPathScanner     : Found resource: db/migrations/V15__sepomex.sql
2025-04-13T20:59:26.128-06:00 DEBUG 14988 --- [financial_system] [           main] o.f.c.i.s.classpath.ClassPathScanner     : Found resource: db/migrations/V16__countries.sql
2025-04-13T20:59:26.128-06:00 DEBUG 14988 --- [financial_system] [           main] o.f.c.i.s.classpath.ClassPathScanner     : Found resource: db/migrations/V17__banks.sql
2025-04-13T20:59:26.128-06:00 DEBUG 14988 --- [financial_system] [           main] o.f.c.i.s.classpath.ClassPathScanner     : Found resource: db/migrations/V18__product_types.sql
2025-04-13T20:59:26.128-06:00 DEBUG 14988 --- [financial_system] [           main] o.f.c.i.s.classpath.ClassPathScanner     : Found resource: db/migrations/V19__regimen.sql
2025-04-13T20:59:26.128-06:00 DEBUG 14988 --- [financial_system] [           main] o.f.c.i.s.classpath.ClassPathScanner     : Found resource: db/migrations/V1__first_detinition.sql
2025-04-13T20:59:26.128-06:00 DEBUG 14988 --- [financial_system] [           main] o.f.c.i.s.classpath.ClassPathScanner     : Found resource: db/migrations/V20__client_validations.sql
2025-04-13T20:59:26.129-06:00 DEBUG 14988 --- [financial_system] [           main] o.f.c.i.s.classpath.ClassPathScanner     : Found resource: db/migrations/V21__add_validations.sql
2025-04-13T20:59:26.129-06:00 DEBUG 14988 --- [financial_system] [           main] o.f.c.i.s.classpath.ClassPathScanner     : Found resource: db/migrations/V22__add_ocr_field.sql
2025-04-13T20:59:26.129-06:00 DEBUG 14988 --- [financial_system] [           main] o.f.c.i.s.classpath.ClassPathScanner     : Found resource: db/migrations/V23__change_type_field_validations.sql
2025-04-13T20:59:26.129-06:00 DEBUG 14988 --- [financial_system] [           main] o.f.c.i.s.classpath.ClassPathScanner     : Found resource: db/migrations/V24__jsonb_to_text_ocr.sql
2025-04-13T20:59:26.129-06:00 DEBUG 14988 --- [financial_system] [           main] o.f.c.i.s.classpath.ClassPathScanner     : Found resource: db/migrations/V2__rename_fields.sql
2025-04-13T20:59:26.129-06:00 DEBUG 14988 --- [financial_system] [           main] o.f.c.i.s.classpath.ClassPathScanner     : Found resource: db/migrations/V3__PF_PM_entities_and_daos.sql
2025-04-13T20:59:26.129-06:00 DEBUG 14988 --- [financial_system] [           main] o.f.c.i.s.classpath.ClassPathScanner     : Found resource: db/migrations/V4__new_fields_on_client.sql
2025-04-13T20:59:26.130-06:00 DEBUG 14988 --- [financial_system] [           main] o.f.c.i.s.classpath.ClassPathScanner     : Found resource: db/migrations/V5__records_in_catalog_tables.sql
2025-04-13T20:59:26.130-06:00 DEBUG 14988 --- [financial_system] [           main] o.f.c.i.s.classpath.ClassPathScanner     : Found resource: db/migrations/V6__account_locked_field.sql
2025-04-13T20:59:26.130-06:00 DEBUG 14988 --- [financial_system] [           main] o.f.c.i.s.classpath.ClassPathScanner     : Found resource: db/migrations/V7__mfa_config.sql
2025-04-13T20:59:26.130-06:00 DEBUG 14988 --- [financial_system] [           main] o.f.c.i.s.classpath.ClassPathScanner     : Found resource: db/migrations/V8__set_default_false_in_records.sql
2025-04-13T20:59:26.130-06:00 DEBUG 14988 --- [financial_system] [           main] o.f.c.i.s.classpath.ClassPathScanner     : Found resource: db/migrations/V9__entidad_federativa.sql
2025-04-13T20:59:26.130-06:00 DEBUG 14988 --- [financial_system] [           main] o.f.c.i.s.classpath.ClassPathScanner     : Scanning for classes at classpath:db/migrations
2025-04-13T20:59:26.137-06:00  INFO 14988 --- [financial_system] [           main] com.zaxxer.hikari.HikariDataSource       : HikariPool-1 - Starting...
2025-04-13T20:59:28.081-06:00  INFO 14988 --- [financial_system] [           main] com.zaxxer.hikari.pool.HikariPool        : HikariPool-1 - Added connection org.postgresql.jdbc.PgConnection@101c15ad
2025-04-13T20:59:28.082-06:00  INFO 14988 --- [financial_system] [           main] com.zaxxer.hikari.HikariDataSource       : HikariPool-1 - Start completed.
2025-04-13T20:59:28.280-06:00 DEBUG 14988 --- [financial_system] [           main] o.f.c.i.resource.ResourceNameValidator   : Validating V19__regimen.sql
2025-04-13T20:59:28.281-06:00 DEBUG 14988 --- [financial_system] [           main] o.f.c.i.resource.ResourceNameValidator   : Validating V4__new_fields_on_client.sql
2025-04-13T20:59:28.281-06:00 DEBUG 14988 --- [financial_system] [           main] o.f.c.i.resource.ResourceNameValidator   : Validating V23__change_type_field_validations.sql
2025-04-13T20:59:28.282-06:00 DEBUG 14988 --- [financial_system] [           main] o.f.c.i.resource.ResourceNameValidator   : Validating V10__gender.sql
2025-04-13T20:59:28.283-06:00 DEBUG 14988 --- [financial_system] [           main] o.f.c.i.resource.ResourceNameValidator   : Validating V17__banks.sql
2025-04-13T20:59:28.283-06:00 DEBUG 14988 --- [financial_system] [           main] o.f.c.i.resource.ResourceNameValidator   : Validating V20__client_validations.sql
2025-04-13T20:59:28.283-06:00 DEBUG 14988 --- [financial_system] [           main] o.f.c.i.resource.ResourceNameValidator   : Validating V6__account_locked_field.sql
2025-04-13T20:59:28.283-06:00 DEBUG 14988 --- [financial_system] [           main] o.f.c.i.resource.ResourceNameValidator   : Validating V11__occupation.sql
2025-04-13T20:59:28.284-06:00 DEBUG 14988 --- [financial_system] [           main] o.f.c.i.resource.ResourceNameValidator   : Validating V3__PF_PM_entities_and_daos.sql
2025-04-13T20:59:28.284-06:00 DEBUG 14988 --- [financial_system] [           main] o.f.c.i.resource.ResourceNameValidator   : Validating V7__mfa_config.sql
2025-04-13T20:59:28.284-06:00 DEBUG 14988 --- [financial_system] [           main] o.f.c.i.resource.ResourceNameValidator   : Validating V22__add_ocr_field.sql
2025-04-13T20:59:28.284-06:00 DEBUG 14988 --- [financial_system] [           main] o.f.c.i.resource.ResourceNameValidator   : Validating V24__jsonb_to_text_ocr.sql
2025-04-13T20:59:28.284-06:00 DEBUG 14988 --- [financial_system] [           main] o.f.c.i.resource.ResourceNameValidator   : Validating V9__entidad_federativa.sql
2025-04-13T20:59:28.284-06:00 DEBUG 14988 --- [financial_system] [           main] o.f.c.i.resource.ResourceNameValidator   : Validating V13__PersonaFisicaMex.sql
2025-04-13T20:59:28.285-06:00 DEBUG 14988 --- [financial_system] [           main] o.f.c.i.resource.ResourceNameValidator   : Validating V5__records_in_catalog_tables.sql
2025-04-13T20:59:28.285-06:00 DEBUG 14988 --- [financial_system] [           main] o.f.c.i.resource.ResourceNameValidator   : Validating V8__set_default_false_in_records.sql
2025-04-13T20:59:28.285-06:00 DEBUG 14988 --- [financial_system] [           main] o.f.c.i.resource.ResourceNameValidator   : Validating V18__product_types.sql
2025-04-13T20:59:28.285-06:00 DEBUG 14988 --- [financial_system] [           main] o.f.c.i.resource.ResourceNameValidator   : Validating V12__PersonaFisicaExrtanjera.sql
2025-04-13T20:59:28.285-06:00 DEBUG 14988 --- [financial_system] [           main] o.f.c.i.resource.ResourceNameValidator   : Validating V15__sepomex.sql
2025-04-13T20:59:28.286-06:00 DEBUG 14988 --- [financial_system] [           main] o.f.c.i.resource.ResourceNameValidator   : Validating V14__configuration.sql
2025-04-13T20:59:28.286-06:00 DEBUG 14988 --- [financial_system] [           main] o.f.c.i.resource.ResourceNameValidator   : Validating V21__add_validations.sql
2025-04-13T20:59:28.286-06:00 DEBUG 14988 --- [financial_system] [           main] o.f.c.i.resource.ResourceNameValidator   : Validating V2__rename_fields.sql
2025-04-13T20:59:28.286-06:00 DEBUG 14988 --- [financial_system] [           main] o.f.c.i.resource.ResourceNameValidator   : Validating V16__countries.sql
2025-04-13T20:59:28.288-06:00 DEBUG 14988 --- [financial_system] [           main] o.f.c.i.resource.ResourceNameValidator   : Validating V1__first_detinition.sql
2025-04-13T20:59:28.296-06:00 DEBUG 14988 --- [financial_system] [           main] o.f.c.i.database.DatabaseTypeRegister    : Multiple databases found that handle url 'jdbc:postgresql://bwavrvwvpu8zhwgrbwmx-postgresql.services.clever-cloud.com:50013/bwavrvwvpu8zhwgrbwmx?client_encoding=LATIN1': CockroachDB,PostgreSQL
2025-04-13T20:59:28.298-06:00  INFO 14988 --- [financial_system] [           main] org.flywaydb.core.FlywayExecutor         : Database: jdbc:postgresql://bwavrvwvpu8zhwgrbwmx-postgresql.services.clever-cloud.com:50013/bwavrvwvpu8zhwgrbwmx?client_encoding=LATIN1 (PostgreSQL 15.4)
2025-04-13T20:59:28.298-06:00 DEBUG 14988 --- [financial_system] [           main] org.flywaydb.core.FlywayExecutor         : Database Type: PostgreSQL
2025-04-13T20:59:28.298-06:00 DEBUG 14988 --- [financial_system] [           main] org.flywaydb.core.FlywayExecutor         : Driver: PostgreSQL JDBC Driver 42.7.5
2025-04-13T20:59:28.299-06:00 DEBUG 14988 --- [financial_system] [           main] org.flywaydb.core.FlywayExecutor         : DDL Transactions Supported: true
2025-04-13T20:59:28.300-06:00 DEBUG 14988 --- [financial_system] [           main] o.f.c.i.s.SchemaHistoryFactory           : Schemas: 
2025-04-13T20:59:28.300-06:00 DEBUG 14988 --- [financial_system] [           main] o.f.c.i.s.SchemaHistoryFactory           : Default schema: null
2025-04-13T20:59:29.650-06:00 DEBUG 14988 --- [financial_system] [           main] org.flywaydb.core.FlywayExecutor         : Scanning for script callbacks ...
2025-04-13T20:59:29.653-06:00 DEBUG 14988 --- [financial_system] [           main] o.f.c.i.c.SqlScriptCallbackFactory       : Scanning for SQL callbacks ...
2025-04-13T20:59:29.815-06:00 DEBUG 14988 --- [financial_system] [           main] o.f.core.internal.command.DbValidate     : Validating migrations ...
2025-04-13T20:59:29.817-06:00 DEBUG 14988 --- [financial_system] [           main] o.f.c.a.c.ClassicConfiguration           : CherryPickConfigurationExtension not found
2025-04-13T20:59:29.848-06:00 DEBUG 14988 --- [financial_system] [           main] o.f.core.internal.scanner.Scanner        : Filtering out resource: db/migrations/V19__regimen.sql (filename: V19__regimen.sql)
2025-04-13T20:59:29.848-06:00 DEBUG 14988 --- [financial_system] [           main] o.f.core.internal.scanner.Scanner        : Filtering out resource: db/migrations/V4__new_fields_on_client.sql (filename: V4__new_fields_on_client.sql)
2025-04-13T20:59:29.849-06:00 DEBUG 14988 --- [financial_system] [           main] o.f.core.internal.scanner.Scanner        : Filtering out resource: db/migrations/V23__change_type_field_validations.sql (filename: V23__change_type_field_validations.sql)
2025-04-13T20:59:29.849-06:00 DEBUG 14988 --- [financial_system] [           main] o.f.core.internal.scanner.Scanner        : Filtering out resource: db/migrations/V10__gender.sql (filename: V10__gender.sql)
2025-04-13T20:59:29.849-06:00 DEBUG 14988 --- [financial_system] [           main] o.f.core.internal.scanner.Scanner        : Filtering out resource: db/migrations/V17__banks.sql (filename: V17__banks.sql)
2025-04-13T20:59:29.849-06:00 DEBUG 14988 --- [financial_system] [           main] o.f.core.internal.scanner.Scanner        : Filtering out resource: db/migrations/V20__client_validations.sql (filename: V20__client_validations.sql)
2025-04-13T20:59:29.849-06:00 DEBUG 14988 --- [financial_system] [           main] o.f.core.internal.scanner.Scanner        : Filtering out resource: db/migrations/V6__account_locked_field.sql (filename: V6__account_locked_field.sql)
2025-04-13T20:59:29.849-06:00 DEBUG 14988 --- [financial_system] [           main] o.f.core.internal.scanner.Scanner        : Filtering out resource: db/migrations/V11__occupation.sql (filename: V11__occupation.sql)
2025-04-13T20:59:29.849-06:00 DEBUG 14988 --- [financial_system] [           main] o.f.core.internal.scanner.Scanner        : Filtering out resource: db/migrations/V3__PF_PM_entities_and_daos.sql (filename: V3__PF_PM_entities_and_daos.sql)
2025-04-13T20:59:29.849-06:00 DEBUG 14988 --- [financial_system] [           main] o.f.core.internal.scanner.Scanner        : Filtering out resource: db/migrations/V7__mfa_config.sql (filename: V7__mfa_config.sql)
2025-04-13T20:59:29.849-06:00 DEBUG 14988 --- [financial_system] [           main] o.f.core.internal.scanner.Scanner        : Filtering out resource: db/migrations/V22__add_ocr_field.sql (filename: V22__add_ocr_field.sql)
2025-04-13T20:59:29.849-06:00 DEBUG 14988 --- [financial_system] [           main] o.f.core.internal.scanner.Scanner        : Filtering out resource: db/migrations/V24__jsonb_to_text_ocr.sql (filename: V24__jsonb_to_text_ocr.sql)
2025-04-13T20:59:29.849-06:00 DEBUG 14988 --- [financial_system] [           main] o.f.core.internal.scanner.Scanner        : Filtering out resource: db/migrations/V9__entidad_federativa.sql (filename: V9__entidad_federativa.sql)
2025-04-13T20:59:29.849-06:00 DEBUG 14988 --- [financial_system] [           main] o.f.core.internal.scanner.Scanner        : Filtering out resource: db/migrations/V13__PersonaFisicaMex.sql (filename: V13__PersonaFisicaMex.sql)
2025-04-13T20:59:29.849-06:00 DEBUG 14988 --- [financial_system] [           main] o.f.core.internal.scanner.Scanner        : Filtering out resource: db/migrations/V5__records_in_catalog_tables.sql (filename: V5__records_in_catalog_tables.sql)
2025-04-13T20:59:29.850-06:00 DEBUG 14988 --- [financial_system] [           main] o.f.core.internal.scanner.Scanner        : Filtering out resource: db/migrations/V8__set_default_false_in_records.sql (filename: V8__set_default_false_in_records.sql)
2025-04-13T20:59:29.850-06:00 DEBUG 14988 --- [financial_system] [           main] o.f.core.internal.scanner.Scanner        : Filtering out resource: db/migrations/V18__product_types.sql (filename: V18__product_types.sql)
2025-04-13T20:59:29.850-06:00 DEBUG 14988 --- [financial_system] [           main] o.f.core.internal.scanner.Scanner        : Filtering out resource: db/migrations/V12__PersonaFisicaExrtanjera.sql (filename: V12__PersonaFisicaExrtanjera.sql)
2025-04-13T20:59:29.850-06:00 DEBUG 14988 --- [financial_system] [           main] o.f.core.internal.scanner.Scanner        : Filtering out resource: db/migrations/V15__sepomex.sql (filename: V15__sepomex.sql)
2025-04-13T20:59:29.850-06:00 DEBUG 14988 --- [financial_system] [           main] o.f.core.internal.scanner.Scanner        : Filtering out resource: db/migrations/V14__configuration.sql (filename: V14__configuration.sql)
2025-04-13T20:59:29.850-06:00 DEBUG 14988 --- [financial_system] [           main] o.f.core.internal.scanner.Scanner        : Filtering out resource: db/migrations/V21__add_validations.sql (filename: V21__add_validations.sql)
2025-04-13T20:59:29.850-06:00 DEBUG 14988 --- [financial_system] [           main] o.f.core.internal.scanner.Scanner        : Filtering out resource: db/migrations/V2__rename_fields.sql (filename: V2__rename_fields.sql)
2025-04-13T20:59:29.850-06:00 DEBUG 14988 --- [financial_system] [           main] o.f.core.internal.scanner.Scanner        : Filtering out resource: db/migrations/V16__countries.sql (filename: V16__countries.sql)
2025-04-13T20:59:29.850-06:00 DEBUG 14988 --- [financial_system] [           main] o.f.core.internal.scanner.Scanner        : Filtering out resource: db/migrations/V1__first_detinition.sql (filename: V1__first_detinition.sql)
2025-04-13T20:59:29.851-06:00 DEBUG 14988 --- [financial_system] [           main] o.f.core.internal.scanner.Scanner        : Filtering out resource: db/migrations/V19__regimen.sql (filename: V19__regimen.sql)
2025-04-13T20:59:29.851-06:00 DEBUG 14988 --- [financial_system] [           main] o.f.core.internal.scanner.Scanner        : Filtering out resource: db/migrations/V4__new_fields_on_client.sql (filename: V4__new_fields_on_client.sql)
2025-04-13T20:59:29.851-06:00 DEBUG 14988 --- [financial_system] [           main] o.f.core.internal.scanner.Scanner        : Filtering out resource: db/migrations/V23__change_type_field_validations.sql (filename: V23__change_type_field_validations.sql)
2025-04-13T20:59:29.851-06:00 DEBUG 14988 --- [financial_system] [           main] o.f.core.internal.scanner.Scanner        : Filtering out resource: db/migrations/V10__gender.sql (filename: V10__gender.sql)
2025-04-13T20:59:29.851-06:00 DEBUG 14988 --- [financial_system] [           main] o.f.core.internal.scanner.Scanner        : Filtering out resource: db/migrations/V17__banks.sql (filename: V17__banks.sql)
2025-04-13T20:59:29.851-06:00 DEBUG 14988 --- [financial_system] [           main] o.f.core.internal.scanner.Scanner        : Filtering out resource: db/migrations/V20__client_validations.sql (filename: V20__client_validations.sql)
2025-04-13T20:59:29.851-06:00 DEBUG 14988 --- [financial_system] [           main] o.f.core.internal.scanner.Scanner        : Filtering out resource: db/migrations/V6__account_locked_field.sql (filename: V6__account_locked_field.sql)
2025-04-13T20:59:29.851-06:00 DEBUG 14988 --- [financial_system] [           main] o.f.core.internal.scanner.Scanner        : Filtering out resource: db/migrations/V11__occupation.sql (filename: V11__occupation.sql)
2025-04-13T20:59:29.851-06:00 DEBUG 14988 --- [financial_system] [           main] o.f.core.internal.scanner.Scanner        : Filtering out resource: db/migrations/V3__PF_PM_entities_and_daos.sql (filename: V3__PF_PM_entities_and_daos.sql)
2025-04-13T20:59:29.851-06:00 DEBUG 14988 --- [financial_system] [           main] o.f.core.internal.scanner.Scanner        : Filtering out resource: db/migrations/V7__mfa_config.sql (filename: V7__mfa_config.sql)
2025-04-13T20:59:29.851-06:00 DEBUG 14988 --- [financial_system] [           main] o.f.core.internal.scanner.Scanner        : Filtering out resource: db/migrations/V22__add_ocr_field.sql (filename: V22__add_ocr_field.sql)
2025-04-13T20:59:29.851-06:00 DEBUG 14988 --- [financial_system] [           main] o.f.core.internal.scanner.Scanner        : Filtering out resource: db/migrations/V24__jsonb_to_text_ocr.sql (filename: V24__jsonb_to_text_ocr.sql)
2025-04-13T20:59:29.851-06:00 DEBUG 14988 --- [financial_system] [           main] o.f.core.internal.scanner.Scanner        : Filtering out resource: db/migrations/V9__entidad_federativa.sql (filename: V9__entidad_federativa.sql)
2025-04-13T20:59:29.851-06:00 DEBUG 14988 --- [financial_system] [           main] o.f.core.internal.scanner.Scanner        : Filtering out resource: db/migrations/V13__PersonaFisicaMex.sql (filename: V13__PersonaFisicaMex.sql)
2025-04-13T20:59:29.851-06:00 DEBUG 14988 --- [financial_system] [           main] o.f.core.internal.scanner.Scanner        : Filtering out resource: db/migrations/V5__records_in_catalog_tables.sql (filename: V5__records_in_catalog_tables.sql)
2025-04-13T20:59:29.851-06:00 DEBUG 14988 --- [financial_system] [           main] o.f.core.internal.scanner.Scanner        : Filtering out resource: db/migrations/V8__set_default_false_in_records.sql (filename: V8__set_default_false_in_records.sql)
2025-04-13T20:59:29.851-06:00 DEBUG 14988 --- [financial_system] [           main] o.f.core.internal.scanner.Scanner        : Filtering out resource: db/migrations/V18__product_types.sql (filename: V18__product_types.sql)
2025-04-13T20:59:29.852-06:00 DEBUG 14988 --- [financial_system] [           main] o.f.core.internal.scanner.Scanner        : Filtering out resource: db/migrations/V12__PersonaFisicaExrtanjera.sql (filename: V12__PersonaFisicaExrtanjera.sql)
2025-04-13T20:59:29.852-06:00 DEBUG 14988 --- [financial_system] [           main] o.f.core.internal.scanner.Scanner        : Filtering out resource: db/migrations/V15__sepomex.sql (filename: V15__sepomex.sql)
2025-04-13T20:59:29.852-06:00 DEBUG 14988 --- [financial_system] [           main] o.f.core.internal.scanner.Scanner        : Filtering out resource: db/migrations/V14__configuration.sql (filename: V14__configuration.sql)
2025-04-13T20:59:29.852-06:00 DEBUG 14988 --- [financial_system] [           main] o.f.core.internal.scanner.Scanner        : Filtering out resource: db/migrations/V21__add_validations.sql (filename: V21__add_validations.sql)
2025-04-13T20:59:29.852-06:00 DEBUG 14988 --- [financial_system] [           main] o.f.core.internal.scanner.Scanner        : Filtering out resource: db/migrations/V2__rename_fields.sql (filename: V2__rename_fields.sql)
2025-04-13T20:59:29.852-06:00 DEBUG 14988 --- [financial_system] [           main] o.f.core.internal.scanner.Scanner        : Filtering out resource: db/migrations/V16__countries.sql (filename: V16__countries.sql)
2025-04-13T20:59:29.852-06:00 DEBUG 14988 --- [financial_system] [           main] o.f.core.internal.scanner.Scanner        : Filtering out resource: db/migrations/V1__first_detinition.sql (filename: V1__first_detinition.sql)
2025-04-13T20:59:29.853-06:00 DEBUG 14988 --- [financial_system] [           main] o.f.core.internal.scanner.Scanner        : Filtering out resource: db/migrations/V19__regimen.sql (filename: V19__regimen.sql)
2025-04-13T20:59:29.853-06:00 DEBUG 14988 --- [financial_system] [           main] o.f.core.internal.scanner.Scanner        : Filtering out resource: db/migrations/V4__new_fields_on_client.sql (filename: V4__new_fields_on_client.sql)
2025-04-13T20:59:29.853-06:00 DEBUG 14988 --- [financial_system] [           main] o.f.core.internal.scanner.Scanner        : Filtering out resource: db/migrations/V23__change_type_field_validations.sql (filename: V23__change_type_field_validations.sql)
2025-04-13T20:59:29.853-06:00 DEBUG 14988 --- [financial_system] [           main] o.f.core.internal.scanner.Scanner        : Filtering out resource: db/migrations/V10__gender.sql (filename: V10__gender.sql)
2025-04-13T20:59:29.853-06:00 DEBUG 14988 --- [financial_system] [           main] o.f.core.internal.scanner.Scanner        : Filtering out resource: db/migrations/V17__banks.sql (filename: V17__banks.sql)
2025-04-13T20:59:29.853-06:00 DEBUG 14988 --- [financial_system] [           main] o.f.core.internal.scanner.Scanner        : Filtering out resource: db/migrations/V20__client_validations.sql (filename: V20__client_validations.sql)
2025-04-13T20:59:29.853-06:00 DEBUG 14988 --- [financial_system] [           main] o.f.core.internal.scanner.Scanner        : Filtering out resource: db/migrations/V6__account_locked_field.sql (filename: V6__account_locked_field.sql)
2025-04-13T20:59:29.853-06:00 DEBUG 14988 --- [financial_system] [           main] o.f.core.internal.scanner.Scanner        : Filtering out resource: db/migrations/V11__occupation.sql (filename: V11__occupation.sql)
2025-04-13T20:59:29.853-06:00 DEBUG 14988 --- [financial_system] [           main] o.f.core.internal.scanner.Scanner        : Filtering out resource: db/migrations/V3__PF_PM_entities_and_daos.sql (filename: V3__PF_PM_entities_and_daos.sql)
2025-04-13T20:59:29.853-06:00 DEBUG 14988 --- [financial_system] [           main] o.f.core.internal.scanner.Scanner        : Filtering out resource: db/migrations/V7__mfa_config.sql (filename: V7__mfa_config.sql)
2025-04-13T20:59:29.853-06:00 DEBUG 14988 --- [financial_system] [           main] o.f.core.internal.scanner.Scanner        : Filtering out resource: db/migrations/V22__add_ocr_field.sql (filename: V22__add_ocr_field.sql)
2025-04-13T20:59:29.853-06:00 DEBUG 14988 --- [financial_system] [           main] o.f.core.internal.scanner.Scanner        : Filtering out resource: db/migrations/V24__jsonb_to_text_ocr.sql (filename: V24__jsonb_to_text_ocr.sql)
2025-04-13T20:59:29.854-06:00 DEBUG 14988 --- [financial_system] [           main] o.f.core.internal.scanner.Scanner        : Filtering out resource: db/migrations/V9__entidad_federativa.sql (filename: V9__entidad_federativa.sql)
2025-04-13T20:59:29.854-06:00 DEBUG 14988 --- [financial_system] [           main] o.f.core.internal.scanner.Scanner        : Filtering out resource: db/migrations/V13__PersonaFisicaMex.sql (filename: V13__PersonaFisicaMex.sql)
2025-04-13T20:59:29.854-06:00 DEBUG 14988 --- [financial_system] [           main] o.f.core.internal.scanner.Scanner        : Filtering out resource: db/migrations/V5__records_in_catalog_tables.sql (filename: V5__records_in_catalog_tables.sql)
2025-04-13T20:59:29.854-06:00 DEBUG 14988 --- [financial_system] [           main] o.f.core.internal.scanner.Scanner        : Filtering out resource: db/migrations/V8__set_default_false_in_records.sql (filename: V8__set_default_false_in_records.sql)
2025-04-13T20:59:29.854-06:00 DEBUG 14988 --- [financial_system] [           main] o.f.core.internal.scanner.Scanner        : Filtering out resource: db/migrations/V18__product_types.sql (filename: V18__product_types.sql)
2025-04-13T20:59:29.854-06:00 DEBUG 14988 --- [financial_system] [           main] o.f.core.internal.scanner.Scanner        : Filtering out resource: db/migrations/V12__PersonaFisicaExrtanjera.sql (filename: V12__PersonaFisicaExrtanjera.sql)
2025-04-13T20:59:29.854-06:00 DEBUG 14988 --- [financial_system] [           main] o.f.core.internal.scanner.Scanner        : Filtering out resource: db/migrations/V15__sepomex.sql (filename: V15__sepomex.sql)
2025-04-13T20:59:29.854-06:00 DEBUG 14988 --- [financial_system] [           main] o.f.core.internal.scanner.Scanner        : Filtering out resource: db/migrations/V14__configuration.sql (filename: V14__configuration.sql)
2025-04-13T20:59:29.854-06:00 DEBUG 14988 --- [financial_system] [           main] o.f.core.internal.scanner.Scanner        : Filtering out resource: db/migrations/V21__add_validations.sql (filename: V21__add_validations.sql)
2025-04-13T20:59:29.854-06:00 DEBUG 14988 --- [financial_system] [           main] o.f.core.internal.scanner.Scanner        : Filtering out resource: db/migrations/V2__rename_fields.sql (filename: V2__rename_fields.sql)
2025-04-13T20:59:29.854-06:00 DEBUG 14988 --- [financial_system] [           main] o.f.core.internal.scanner.Scanner        : Filtering out resource: db/migrations/V16__countries.sql (filename: V16__countries.sql)
2025-04-13T20:59:29.854-06:00 DEBUG 14988 --- [financial_system] [           main] o.f.core.internal.scanner.Scanner        : Filtering out resource: db/migrations/V1__first_detinition.sql (filename: V1__first_detinition.sql)
2025-04-13T20:59:29.854-06:00 DEBUG 14988 --- [financial_system] [           main] o.f.core.internal.scanner.Scanner        : Filtering out resource: db/migrations/V19__regimen.sql (filename: V19__regimen.sql)
2025-04-13T20:59:29.854-06:00 DEBUG 14988 --- [financial_system] [           main] o.f.core.internal.scanner.Scanner        : Filtering out resource: db/migrations/V4__new_fields_on_client.sql (filename: V4__new_fields_on_client.sql)
2025-04-13T20:59:29.854-06:00 DEBUG 14988 --- [financial_system] [           main] o.f.core.internal.scanner.Scanner        : Filtering out resource: db/migrations/V23__change_type_field_validations.sql (filename: V23__change_type_field_validations.sql)
2025-04-13T20:59:29.854-06:00 DEBUG 14988 --- [financial_system] [           main] o.f.core.internal.scanner.Scanner        : Filtering out resource: db/migrations/V10__gender.sql (filename: V10__gender.sql)
2025-04-13T20:59:29.854-06:00 DEBUG 14988 --- [financial_system] [           main] o.f.core.internal.scanner.Scanner        : Filtering out resource: db/migrations/V17__banks.sql (filename: V17__banks.sql)
2025-04-13T20:59:29.854-06:00 DEBUG 14988 --- [financial_system] [           main] o.f.core.internal.scanner.Scanner        : Filtering out resource: db/migrations/V20__client_validations.sql (filename: V20__client_validations.sql)
2025-04-13T20:59:29.854-06:00 DEBUG 14988 --- [financial_system] [           main] o.f.core.internal.scanner.Scanner        : Filtering out resource: db/migrations/V6__account_locked_field.sql (filename: V6__account_locked_field.sql)
2025-04-13T20:59:29.854-06:00 DEBUG 14988 --- [financial_system] [           main] o.f.core.internal.scanner.Scanner        : Filtering out resource: db/migrations/V11__occupation.sql (filename: V11__occupation.sql)
2025-04-13T20:59:29.854-06:00 DEBUG 14988 --- [financial_system] [           main] o.f.core.internal.scanner.Scanner        : Filtering out resource: db/migrations/V3__PF_PM_entities_and_daos.sql (filename: V3__PF_PM_entities_and_daos.sql)
2025-04-13T20:59:29.854-06:00 DEBUG 14988 --- [financial_system] [           main] o.f.core.internal.scanner.Scanner        : Filtering out resource: db/migrations/V7__mfa_config.sql (filename: V7__mfa_config.sql)
2025-04-13T20:59:29.855-06:00 DEBUG 14988 --- [financial_system] [           main] o.f.core.internal.scanner.Scanner        : Filtering out resource: db/migrations/V22__add_ocr_field.sql (filename: V22__add_ocr_field.sql)
2025-04-13T20:59:29.855-06:00 DEBUG 14988 --- [financial_system] [           main] o.f.core.internal.scanner.Scanner        : Filtering out resource: db/migrations/V24__jsonb_to_text_ocr.sql (filename: V24__jsonb_to_text_ocr.sql)
2025-04-13T20:59:29.855-06:00 DEBUG 14988 --- [financial_system] [           main] o.f.core.internal.scanner.Scanner        : Filtering out resource: db/migrations/V9__entidad_federativa.sql (filename: V9__entidad_federativa.sql)
2025-04-13T20:59:29.855-06:00 DEBUG 14988 --- [financial_system] [           main] o.f.core.internal.scanner.Scanner        : Filtering out resource: db/migrations/V13__PersonaFisicaMex.sql (filename: V13__PersonaFisicaMex.sql)
2025-04-13T20:59:29.855-06:00 DEBUG 14988 --- [financial_system] [           main] o.f.core.internal.scanner.Scanner        : Filtering out resource: db/migrations/V5__records_in_catalog_tables.sql (filename: V5__records_in_catalog_tables.sql)
2025-04-13T20:59:29.855-06:00 DEBUG 14988 --- [financial_system] [           main] o.f.core.internal.scanner.Scanner        : Filtering out resource: db/migrations/V8__set_default_false_in_records.sql (filename: V8__set_default_false_in_records.sql)
2025-04-13T20:59:29.855-06:00 DEBUG 14988 --- [financial_system] [           main] o.f.core.internal.scanner.Scanner        : Filtering out resource: db/migrations/V18__product_types.sql (filename: V18__product_types.sql)
2025-04-13T20:59:29.855-06:00 DEBUG 14988 --- [financial_system] [           main] o.f.core.internal.scanner.Scanner        : Filtering out resource: db/migrations/V12__PersonaFisicaExrtanjera.sql (filename: V12__PersonaFisicaExrtanjera.sql)
2025-04-13T20:59:29.855-06:00 DEBUG 14988 --- [financial_system] [           main] o.f.core.internal.scanner.Scanner        : Filtering out resource: db/migrations/V15__sepomex.sql (filename: V15__sepomex.sql)
2025-04-13T20:59:29.855-06:00 DEBUG 14988 --- [financial_system] [           main] o.f.core.internal.scanner.Scanner        : Filtering out resource: db/migrations/V14__configuration.sql (filename: V14__configuration.sql)
2025-04-13T20:59:29.855-06:00 DEBUG 14988 --- [financial_system] [           main] o.f.core.internal.scanner.Scanner        : Filtering out resource: db/migrations/V21__add_validations.sql (filename: V21__add_validations.sql)
2025-04-13T20:59:29.855-06:00 DEBUG 14988 --- [financial_system] [           main] o.f.core.internal.scanner.Scanner        : Filtering out resource: db/migrations/V2__rename_fields.sql (filename: V2__rename_fields.sql)
2025-04-13T20:59:29.855-06:00 DEBUG 14988 --- [financial_system] [           main] o.f.core.internal.scanner.Scanner        : Filtering out resource: db/migrations/V16__countries.sql (filename: V16__countries.sql)
2025-04-13T20:59:29.855-06:00 DEBUG 14988 --- [financial_system] [           main] o.f.core.internal.scanner.Scanner        : Filtering out resource: db/migrations/V1__first_detinition.sql (filename: V1__first_detinition.sql)
2025-04-13T20:59:30.529-06:00  INFO 14988 --- [financial_system] [           main] o.f.core.internal.command.DbValidate     : Successfully validated 24 migrations (execution time 00:00.713s)
2025-04-13T20:59:30.687-06:00 DEBUG 14988 --- [financial_system] [           main] o.f.core.internal.command.DbSchemas      : Skipping creation of existing schema: "public"
2025-04-13T20:59:32.495-06:00 DEBUG 14988 --- [financial_system] [           main] o.f.c.a.c.ClassicConfiguration           : CherryPickConfigurationExtension not found
2025-04-13T20:59:32.997-06:00  INFO 14988 --- [financial_system] [           main] o.f.core.internal.command.DbMigrate      : Current version of schema "public": 24
2025-04-13T20:59:33.165-06:00  INFO 14988 --- [financial_system] [           main] o.f.core.internal.command.DbMigrate      : Schema "public" is up to date. No migration necessary.
2025-04-13T20:59:34.163-06:00 DEBUG 14988 --- [financial_system] [           main] org.flywaydb.core.FlywayExecutor         : Memory usage: 39 of 78M
2025-04-13T20:59:34.305-06:00  INFO 14988 --- [financial_system] [           main] o.hibernate.jpa.internal.util.LogHelper  : HHH000204: Processing PersistenceUnitInfo [name: default]
2025-04-13T20:59:34.360-06:00  INFO 14988 --- [financial_system] [           main] org.hibernate.Version                    : HHH000412: Hibernate ORM core version 6.6.8.Final
2025-04-13T20:59:34.389-06:00  INFO 14988 --- [financial_system] [           main] o.h.c.internal.RegionFactoryInitiator    : HHH000026: Second-level cache disabled
2025-04-13T20:59:34.640-06:00  INFO 14988 --- [financial_system] [           main] o.s.o.j.p.SpringPersistenceUnitInfo      : No LoadTimeWeaver setup: ignoring JPA class transformer
2025-04-13T20:59:35.549-06:00  INFO 14988 --- [financial_system] [           main] org.hibernate.orm.connections.pooling    : HHH10001005: Database info:
	Database JDBC URL [Connecting through datasource 'HikariDataSource (HikariPool-1)']
	Database driver: undefined/unknown
	Database version: 15.4
	Autocommit mode: undefined/unknown
	Isolation level: undefined/unknown
	Minimum pool size: undefined/unknown
	Maximum pool size: undefined/unknown
2025-04-13T20:59:36.885-06:00  INFO 14988 --- [financial_system] [           main] o.h.e.t.j.p.i.JtaPlatformInitiator       : HHH000489: No JTA platform available (set 'hibernate.transaction.jta.platform' to enable JTA platform integration)
2025-04-13T20:59:36.887-06:00  INFO 14988 --- [financial_system] [           main] j.LocalContainerEntityManagerFactoryBean : Initialized JPA EntityManagerFactory for persistence unit 'default'
2025-04-13T20:59:37.164-06:00  INFO 14988 --- [financial_system] [           main] o.s.d.j.r.query.QueryEnhancerFactory     : Hibernate is in classpath; If applicable, HQL parser will be used.
2025-04-13T20:59:37.674-06:00  WARN 14988 --- [financial_system] [           main] JpaBaseConfiguration$JpaWebConfiguration : spring.jpa.open-in-view is enabled by default. Therefore, database queries may be performed during view rendering. Explicitly configure spring.jpa.open-in-view to disable this warning
2025-04-13T20:59:37.843-06:00  INFO 14988 --- [financial_system] [           main] eAuthenticationProviderManagerConfigurer : Global AuthenticationManager configured with AuthenticationProvider bean with name authenticationProvider
2025-04-13T20:59:37.844-06:00  WARN 14988 --- [financial_system] [           main] r$InitializeUserDetailsManagerConfigurer : Global AuthenticationManager configured with an AuthenticationProvider bean. UserDetailsService beans will not be used by Spring Security for automatically configuring username/password login. Consider removing the AuthenticationProvider bean. Alternatively, consider using the UserDetailsService in a manually instantiated DaoAuthenticationProvider. If the current configuration is intentional, to turn off this warning, increase the logging level of 'org.springframework.security.config.annotation.authentication.configuration.InitializeUserDetailsBeanManagerConfigurer' to ERROR
2025-04-13T20:59:39.012-06:00  INFO 14988 --- [financial_system] [           main] c.f.s.FinancialSystemApplicationTests    : Started FinancialSystemApplicationTests in 14.944 seconds (process running for 15.826)
2025-04-13T20:59:39.470-06:00  INFO 14988 --- [financial_system] [           main] c.f.system.shared.components.BankCLR     : Banks already loaded
2025-04-13T20:59:39.633-06:00  INFO 14988 --- [financial_system] [           main] c.f.s.shared.components.CountriesCLR     : Countries already loaded
2025-04-13T20:59:39.809-06:00  INFO 14988 --- [financial_system] [           main] c.f.s.shared.components.ProductsCLR      : Products already loaded
2025-04-13T20:59:40.001-06:00  INFO 14988 --- [financial_system] [           main] c.f.system.shared.components.SepomexCLR  : Sepomex data already loaded
2025-04-13T20:59:40.353-06:00  INFO 14988 --- [financial_system] [           main] c.f.system.shared.components.RegimenCLR  : Regimenes fiscales already loaded
2025-04-13T20:59:40.518-06:00  INFO 14988 --- [financial_system] [           main] c.f.system.shared.components.GenderCLR   : Genders already loaded
2025-04-13T20:59:40.678-06:00  INFO 14988 --- [financial_system] [           main] c.f.s.shared.components.OccupationsCLR   : Occupations already loaded
2025-04-13T20:59:40.843-06:00  INFO 14988 --- [financial_system] [           main] c.f.system.shared.components.EstadoCLR   : States data already loaded
]]></system-out>
    <system-err><![CDATA[Mockito is currently self-attaching to enable the inline-mock-maker. This will no longer work in future releases of the JDK. Please add Mockito as an agent to your build what is described in Mockito's documentation: https://javadoc.io/doc/org.mockito/mockito-core/latest/org/mockito/Mockito.html#0.3
WARNING: A Java agent has been loaded dynamically (C:\Users\Carlos\.m2\repository\net\bytebuddy\byte-buddy-agent\1.15.11\byte-buddy-agent-1.15.11.jar)
WARNING: If a serviceability tool is in use, please run with -XX:+EnableDynamicAgentLoading to hide this warning
WARNING: If a serviceability tool is not in use, please run with -Djdk.instrument.traceUsage for more information
WARNING: Dynamic loading of agents will be disallowed by default in a future release
]]></system-err>
  </testcase>
</testsuite>